{'f3446_0_visit_NE': (), 'f3530_0_visit_NULL': ()}
exit conditions: 
 {'f3446_0_visit_NE': {'t20': (B - C == 0 AND -1 + A >= 0 AND -2 + A - D >= 0 AND -2 + A - B >= 0)}, 'f3530_0_visit_NULL': {'t21': -1 + B >= 0, 't22': -1 + B >= 0}} 
 ===========================
TOO MANY TRIES with node:  f3530_0_visit_NULL
TOO MANY TRIES with node:  f3530_0_visit_NULL
TOO MANY TRIES with node:  f3530_0_visit_NULL
TOO MANY TRIES with node:  f3530_0_visit_NULL
TOO MANY TRIES with node:  f3530_0_visit_NULL
TOO MANY TRIES with node:  f3530_0_visit_NULL
TOO MANY TRIES with node:  f3530_0_visit_NULL
TOO MANY TRIES with node:  f3530_0_visit_NULL
TOO MANY TRIES with node:  f3530_0_visit_NULL
TOO MANY TRIES with node:  f3530_0_visit_NULL
TOO MANY TRIES with node:  f3530_0_visit_NULL
TOO MANY TRIES with node:  f3446_0_visit_NE

phi props: {
	 f3446_0_visit_NE : ((0.36316609382629395 + 0.14087787621474313 * A + 0.25621335345222374 * B + 0.25621335345222374 * C + 0.9351299697670776 * D >= 0 AND	 (-2.01076078414917 -0.5630983809200991 * A -1.8420151037857115 * B -1.8420151037857115 * C + 1.0942070843478746 * D >= 0 AND	 (-0.3205779790878296 -0.08807239880926776 * A -0.33703459227363375 * B -0.33703459227363375 * C + 0.19830448882050855 * D >= 0 AND	 (2.4153696298599243 -1.037088300210967 * A + 0.27142901298022704 * B + 0.27142901298022704 * C -0.01872186805493925 * D >= 0 AND	 (-0.08113957041174213 -0.8523709757995437 * A -1.5941287499686523 * B -1.5941287499686523 * C + 0.9934040797505082 * D >= 0 AND	 (0.6590148843767283 + 0.16547861187209562 * A + 0.36098681575604014 * B + 0.36098681575604014 * C + 1.3005463888496696 * D >= 0 AND	 (2.948274301467938 + 0.3029464508411073 * A + 1.3931321592927877 * B + 1.3931321592927877 * C + 0.9209741512821437 * D >= 0 AND	 (4.903535021505416 -0.5858997297696644 * A + 1.2964622169145403 * B + 1.2964622169145403 * C + 1.1722260030405298 * D >= 0 AND	 (4.079353276337266 -1.0954601212427533 * A + 0.8002024143087207 * B + 0.8002024143087207 * C + 0.5103245030810284 * D >= 0 AND	 (3.025179585622334 -1.012718297306214 * A + 0.33106627213416817 * B + 0.33106627213416817 * C + 0.33786742039421025 * D >= 0 AND	 (B - C == 0 AND	 -1.0 + A >= 0 AND	 -2.0 + A - D >= 0 AND	 -2.0 + A - B >= 0)))))))))))) 
	 f3530_0_visit_NULL : ((0.1036297082901001 + 0.0146774127199496 * A -0.0874134559240316 * B >= 0 AND	 (0.2765049338340759 + 0.10393349659272921 * A -0.16650141566707344 * B >= 0 AND	 (-0.1513156294822693 -0.19830332259734718 * A -0.04521249483836165 * B >= 0 AND	 (0.23033738136291504 + 0.05477304511498904 * A -0.1655327640540616 * B >= 0 AND	 (-0.07794362306594849 -0.2421418308779124 * A -0.15508710350857946 * B >= 0 AND	 (1.5508211255073547 + 0.8841578062657298 * A -0.4917744941132245 * B >= 0 AND	 (0.09475302696228027 -0.20592190323116277 * A -0.275601358151242 * B >= 0 AND	 (2.506823582557101 -1.1310488429296268 * A -2.7644355666442313 * B >= 0 AND	 (3.611281991004944 + 2.18450927734375 * A -0.52825927734375 * B >= 0 AND	 (-0.765625 - A >= 0 AND	 -1.0 + B >= 0)))))))))) 	OR (-9.003861007657036 -0.19727219767283838 * A + 1.3717123137939216 * B + 1.1525236687679907 * C >= 0 AND	 (0.6339344154906541 + 0.18632534014321794 * A + 0.4266566906487786 * B -0.6673342159346067 * C >= 0 AND	 (0.01689682756363453 + 0.35744837757499803 * A -0.08928225709855031 * B + 1.6872510698795553 * C >= 0 AND	 (-0.7096307952801568 + 0.34817363403026746 * A + 0.1354834813009056 * B + 0.3502922459877096 * C >= 0 AND	 (-1.1821709806745726 -0.6870032071827987 * A + 0.09193909583695814 * B + 0.9172020104402737 * C >= 0 AND	 (2.1314824142950033 + 1.1056850511737095 * A -0.17157551512894997 * B -0.2433212129679303 * C >= 0 AND	 (-3.9619929296943446 + 0.3977694598988881 * A + 1.9995608825360698 * B + 0.39754880386677005 * C >= 0 AND	 (0.1769392017995075 -0.7336315623660445 * A + 0.4140071020599141 * C >= 0 AND	 (-2.9630677810957264 + 0.39779530023847887 * A + 1.9999552087364267 * B + 0.3976124669505934 * C >= 0 AND	 (-1.7147239263803635 + 0.3473926380368102 * A + 1.7469325153374236 * B + 0.3473926380368102 * C >= 0 AND	 -1.0 + B >= 0))))))))))) 

}
some nodes (['f3530_0_visit_NULL', 'f3530_0_visit_NULL', 'f3530_0_visit_NULL', 'f3530_0_visit_NULL', 'f3530_0_visit_NULL', 'f3530_0_visit_NULL', 'f3530_0_visit_NULL', 'f3530_0_visit_NULL', 'f3530_0_visit_NULL', 'f3530_0_visit_NULL', 'f3530_0_visit_NULL', 'f3446_0_visit_NE']) where ignored after 10 iterations. 

