{'f128_0_loop_aux_EQ': (), 'f99_0_loop_aux_LE': ()}
exit conditions: 
 {'f128_0_loop_aux_EQ': {'t3': (C == 0 AND -2 + B >= 0 AND 1 - A >= 0), 't6': (-1 + C == 0 AND -2 + B >= 0 AND 1 - A >= 0)}, 'f99_0_loop_aux_LE': {'t4': (-1 + C == 0 AND 1 - A >= 0), 't2': -11 + C >= 0, 't1': (-2 + C >= 0 AND 9 - C >= 0), 't5': (-10 + C == 0 AND 1 - A >= 0)}} 
 ===========================
WARNING: bads (terminating) are sat, but goods (non-terminating) are UNSAT
WARNING: bads (terminating) are sat, but goods (non-terminating) are UNSAT
WARNING: bads (terminating) are sat, but goods (non-terminating) are UNSAT
WARNING: bads (terminating) are sat, but goods (non-terminating) are UNSAT
WARNING: bads (terminating) are sat, but goods (non-terminating) are UNSAT
WARNING: bads (terminating) are sat, but goods (non-terminating) are UNSAT
TOO MANY TRIES with node:  f99_0_loop_aux_LE
TOO MANY TRIES with node:  f99_0_loop_aux_LE
TOO MANY TRIES with node:  f128_0_loop_aux_EQ
TOO MANY TRIES with node:  f128_0_loop_aux_EQ
TOO MANY TRIES with node:  f128_0_loop_aux_EQ
TOO MANY TRIES with node:  f128_0_loop_aux_EQ

phi props: {
	 f128_0_loop_aux_EQ : ((7.91904597912486 + 0.3741088121815035 * A -1.3756806305586586 * B >= 0 AND	 (1.8015414202637003 + 0.093620218065642 * A -0.12153707897825225 * B >= 0 AND	 (3.1936075154571384 -0.7316127967257998 * A -0.7312643559280967 * B >= 0 AND	 (C == 0 AND	 -2.0 + B >= 0 AND	 1.0 - A >= 0)))) 	OR (-139.81947732015658 -0.17126632751021909 * A -0.08638711427613954 * B >= 0 AND	 (-0.8368759038056055 -0.003030166386891686 * A -0.07426246349224352 * B >= 0 AND	 (-112.66184953556035 -0.1386800566154296 * A -0.051304170224173634 * B >= 0 AND	 (-59.16316575397582 -0.07280125466738374 * A + 0.012898213014327193 * B >= 0 AND	 (-30.73165407554516 -0.038521410248423926 * A -0.0035122102778659733 * B >= 0 AND	 (-14.980019988949358 -0.019396430400326042 * A -0.001080086462427714 * B >= 0 AND	 (-7.011448978063843 -0.009722420065860719 * A -0.0002700266305188084 * B >= 0 AND	 (-3.007595024369559 -0.004862628315420197 * A -6.754179232678416e-05 * B >= 0 AND	 (-1.0039445258024502 -0.002431909983276359 * A -4.0507494674173514e-05 * B >= 0 AND	 (-2.8129332179568283 -0.0023850557863596762 * A + 0.42361999587368937 * B >= 0 AND	 (-1.0 + C == 0 AND	 -2.0 + B >= 0 AND	 1.0 - A >= 0)))))))))))) 
	 f99_0_loop_aux_LE : ((-1.0 + C == 0 AND	 1.0 - A >= 0) 	OR (12.718000181988469 -0.10499187992708225 * A + 0.8648533616470099 * B -0.9852492920721758 * C >= 0 AND	 (-4.066977152759419 + 0.09584535147422318 * A + 1.5016526518654776 * B + 0.4302267662028676 * C >= 0 AND	 (5.432454841159938 + 0.21839110412717044 * A -0.08691269959311129 * B -0.1779445017359309 * C >= 0 AND	 (0.05357208785896681 + 0.2967334813261909 * A -0.11534314489542688 * B + 0.11850241884276234 * C >= 0 AND	 (1.2174322973753895 -0.13945152382774592 * A -0.9996018063535221 * B -0.01979068417357155 * C >= 0 AND	 (3.2561100031414054 -0.7504876612382485 * A + 0.6242644402388288 * B -0.25048882349647617 * C >= 0 AND	 -11.0 + C >= 0)))))) 	OR (3.155806528407894 -0.47723378249398757 * A + 0.9561192723352178 * B -0.8776800854493563 * C >= 0 AND	 (0.03140810608872319 + 0.31531999500837815 * A + 1.5502479621726193 * B + 0.4279706372453709 * C >= 0 AND	 (0.8792020240708364 + 0.5893275119860941 * A -0.5282064850640744 * B + 0.3247910413944535 * C >= 0 AND	 (0.33480807347467595 -0.6667874699823237 * A + 0.6664250600353523 * B -0.0006004883977852593 * C >= 0 AND	 (1.3999488965233418 -0.4000766552149877 * A -0.9998083619625304 * B -0.20003832760749396 * C >= 0 AND	 (-2.0 + C >= 0 AND	 9.0 - C >= 0)))))) 	OR (-10.0 + C == 0 AND	 1.0 - A >= 0)) 

}
some nodes (['f99_0_loop_aux_LE', 'f99_0_loop_aux_LE', 'f128_0_loop_aux_EQ', 'f128_0_loop_aux_EQ', 'f128_0_loop_aux_EQ', 'f128_0_loop_aux_EQ']) where ignored after 10 iterations. 
Look at log.. there were WARNINGS

