{'f6007_0_hasNext_EQ': ()}
exit conditions: 
 {'f6007_0_hasNext_EQ': {'t17': (D - F == 0 AND -3 + A >= 0 AND B >= 0 AND -1 + C - E >= 0 AND -5 + A - F >= 0 AND -7 + A - C >= 0), 't20': (D - F == 0 AND -3 + A >= 0 AND -2 + B >= 0 AND -5 + A - F >= 0 AND -1 - C + E >= 0 AND -7 + A - C >= 0 AND -2 + A - E >= 0), 't19': (D - F == 0 AND -3 + A >= 0 AND -2 + B >= 0 AND -1 + C - E >= 0 AND -5 + A - F >= 0 AND -7 + A - C >= 0), 't18': (D - F == 0 AND -3 + A >= 0 AND B >= 0 AND -5 + A - F >= 0 AND -1 - C + E >= 0 AND -7 + A - C >= 0 AND -2 + A - E >= 0)}} 
 ===========================
TOO MANY TRIES with node:  f6007_0_hasNext_EQ
TOO MANY TRIES with node:  f6007_0_hasNext_EQ
TOO MANY TRIES with node:  f6007_0_hasNext_EQ
TOO MANY TRIES with node:  f6007_0_hasNext_EQ
TOO MANY TRIES with node:  f6007_0_hasNext_EQ
TOO MANY TRIES with node:  f6007_0_hasNext_EQ
TOO MANY TRIES with node:  f6007_0_hasNext_EQ
TOO MANY TRIES with node:  f6007_0_hasNext_EQ
TOO MANY TRIES with node:  f6007_0_hasNext_EQ
TOO MANY TRIES with node:  f6007_0_hasNext_EQ
TOO MANY TRIES with node:  f6007_0_hasNext_EQ
TOO MANY TRIES with node:  f6007_0_hasNext_EQ
TOO MANY TRIES with node:  f6007_0_hasNext_EQ
TOO MANY TRIES with node:  f6007_0_hasNext_EQ
TOO MANY TRIES with node:  f6007_0_hasNext_EQ
TOO MANY TRIES with node:  f6007_0_hasNext_EQ
TOO MANY TRIES with node:  f6007_0_hasNext_EQ
TOO MANY TRIES with node:  f6007_0_hasNext_EQ
TOO MANY TRIES with node:  f6007_0_hasNext_EQ
TOO MANY TRIES with node:  f6007_0_hasNext_EQ
TOO MANY TRIES with node:  f6007_0_hasNext_EQ
TOO MANY TRIES with node:  f6007_0_hasNext_EQ
TOO MANY TRIES with node:  f6007_0_hasNext_EQ
TOO MANY TRIES with node:  f6007_0_hasNext_EQ
TOO MANY TRIES with node:  f6007_0_hasNext_EQ
TOO MANY TRIES with node:  f6007_0_hasNext_EQ
TOO MANY TRIES with node:  f6007_0_hasNext_EQ
TOO MANY TRIES with node:  f6007_0_hasNext_EQ
TOO MANY TRIES with node:  f6007_0_hasNext_EQ
TOO MANY TRIES with node:  f6007_0_hasNext_EQ
TOO MANY TRIES with node:  f6007_0_hasNext_EQ

phi props: {
	 f6007_0_hasNext_EQ : ((8.683023488372507 -0.006315651103356634 * A + 0.37618557131680663 * B + 0.10815579690947578 * C + 0.36125311907856417 * D -0.14296744865191596 * E + 0.36125311907856417 * F >= 0 AND	 (3.5222199466670556 -0.25591272367082496 * A -0.05932443183857794 * B + 1.0560882042361683 * C + 0.1460422378091124 * D -0.5762527046616341 * E + 0.1460422378091124 * F >= 0 AND	 (1.158579715578881 -0.05920613956856563 * A -0.035828986602923586 * B + 0.24739412967467322 * C + 0.035828986602923996 * D -0.12736212461281876 * E + 0.035828986602923996 * F >= 0 AND	 (2.919977058962424 -0.03737508923805105 * A -0.010658787457569227 * B -0.08497412462171111 * C + 0.1192509138835926 * D -0.07759051241503231 * E + 0.1192509138835926 * F >= 0 AND	 (-3.211144971374219 -0.007472607219387362 * A + 0.7367938035951783 * B -0.1783676190831175 * C -0.06722886881159296 * D -0.10892588185963104 * E -0.06722886881159296 * F >= 0 AND	 (-2.9063236977647207 + 0.0703641422179837 * A -0.009678655549432305 * B + 0.8855870867698163 * C -0.001774334272103495 * D -1.007879318870847 * E -0.001774334272103495 * F >= 0 AND	 (-2.842170943040401e-14 * A -1.1102230246251565e-16 * B + 7.105427357601002e-15 * C -1.4210854715202004e-14 * D + 7.105427357601002e-15 * E -1.4210854715202004e-14 * F >= 0 AND	 (-0.44103917094312584 + 0.6432793073660115 * A + 0.1471292419988054 * B + 0.358344164600086 * C + 0.004811851345582818 * D + 0.3583441646000858 * E + 0.004811851345582818 * F >= 0 AND	 (-3.0746808062948707 + 0.34337485918551014 * A -1.1399364415064035 * B -0.37708768362304834 * C -0.030596155618282772 * D -0.3433748591855119 * E -0.030596155618282772 * F >= 0 AND	 (-7.289329603795143 + 0.4948414780262347 * A + 0.49484147802623524 * B -0.5970269873078937 * C + 0.01431447494791982 * D -0.4948414780262347 * E + 0.01431447494791982 * F >= 0 AND	 (D - F == 0 AND	 -3.0 + A >= 0 AND	 B >= 0 AND	 -1.0 + C - E >= 0 AND	 -5.0 + A - F >= 0 AND	 -7.0 + A - C >= 0))))))))))) 	OR (-1166.961724769007 + 0.016047120502902745 * A + 0.016047120502902967 * B -0.34006999618847544 * C + 0.016047120502904022 * D + 0.09482522783055458 * E + 0.016047120502904022 * F >= 0 AND	 (-965.2700954753396 + 1.942890293094024e-16 * A + 2.7755575615628914e-17 * B -0.27040051708240753 * C -4.263256414560601e-14 * D + 0.05980892209580446 * E -4.263256414560601e-14 * F >= 0 AND	 (-1.0048474524458246 + 9.547011162605346e-06 * A + 1.402759824789418e-08 * B -0.000227307064714902 * C -5.727530483443958e-05 * D -4.720552138178458e-05 * E -5.727530483443958e-05 * F >= 0 AND	 (-3.6495469664332956 + 0.3455439170645356 * A + 0.3455439170645347 * B + 0.32304683873174156 * C -0.1782381161573845 * D -1.0463288531186752 * E -0.1782381161573845 * F >= 0 AND	 (-2.4245079304771524 + 0.00467386306413687 * A -0.11400154708169742 * C -0.028244834076623808 * D -0.02403087933141778 * E -0.028244834076623808 * F >= 0 AND	 (-2.616441496538419 -5.670563649010085e-05 * A -5.670563649010779e-05 * B -0.15489081063581245 * C -0.11877551391592303 * D -0.09477359147175264 * E -0.11877551391592303 * F >= 0 AND	 (5.494530648022067 -1.2349266906445688 * A -1.234926690644567 * B + 0.009255687667376833 * C -0.12479208151916055 * D + 0.009255687667376833 * E -0.12479208151916055 * F >= 0 AND	 (-1.8769878397493678 + 0.18879123604057835 * A + 0.18879123604057835 * B + 0.29057449432595694 * C -0.1644181877102815 * D -0.9552554582783831 * E -0.1644181877102815 * F >= 0 AND	 (4.8813463017341165 -0.2418792675979713 * A -0.2418792675979713 * B -0.24187926759797307 * C + 0.9099310386447712 * D -1.0935538835688456 * E + 0.9099310386447712 * F >= 0 AND	 (0 >= 0 AND	 (D - F == 0 AND	 -3.0 + A >= 0 AND	 -2.0 + B >= 0 AND	 -5.0 + A - F >= 0 AND	 -1.0 - C + E >= 0 AND	 -7.0 + A - C >= 0 AND	 -2.0 + A - E >= 0))))))))))) 	OR (-6.303522457183744 + 0.9289769255591014 * A + 0.004313432087856617 * B -0.5239523506417294 * C -0.12017252874235607 * D + 0.21142741047346814 * E -0.12017252874235607 * F >= 0 AND	 (-1.0688469872166833 + 0.25422801579331833 * A -0.17708927661189033 * B + 0.254228015793318 * C + 0.1738139134575052 * D -0.2858163769007583 * E + 0.1738139134575052 * F >= 0 AND	 (-1.3903234681272982 + 0.04427027016764842 * A + 0.02735325787558396 * B -0.003215705379830451 * C -0.1322958826117934 * D -0.14133717152627695 * E -0.1322958826117934 * F >= 0 AND	 (3.277434544968288 -0.11681476575312644 * A -0.6942594766995063 * B + 0.20397038277646917 * C -0.24970737544478006 * D + 0.20397038277647273 * E -0.24970737544478006 * F >= 0 AND	 (5.2084301993984985 + 0.6219024536311064 * A -0.10014817753200234 * B + 1.289858262883584 * C + 0.633731567328474 * D + 0.27710188394763335 * E + 0.633731567328474 * F >= 0 AND	 (6.72446184322228 + 0.5304399097087251 * A -0.7445257615844589 * B + 0.5304399097087251 * C + 0.5592590015460774 * D + 0.5304399097087256 * E + 0.5592590015460774 * F >= 0 AND	 (-4.539875319618264 + 0.47514015819120425 * A + 0.5087475798870051 * B + 0.47514015819120514 * C -0.0011470270312963216 * D -0.5090042614326009 * E -0.0011470270312963216 * F >= 0 AND	 (8.10084395674795 + 0.39751723849156373 * A + 0.06857329015168778 * B + 1.3317161636674135 * C -0.1939477622646062 * D + 1.3317161636674122 * E -0.1939477622646062 * F >= 0 AND	 (5.324626002942593 + 0.628281499692543 * A -0.1622756010820761 * B + 0.6282814996925428 * C + 0.04182981353528151 * D + 1.0105814471540764 * E + 0.04182981353528151 * F >= 0 AND	 (-8.531089635397935 + 1.532322144464693 * A + 1.0701484055156847 * B -1.5337126518745299 * C -9.431479817134658e-05 * D + 1.0683111774902367 * E -9.431479817134658e-05 * F >= 0 AND	 (D - F == 0 AND	 -3.0 + A >= 0 AND	 -2.0 + B >= 0 AND	 -1.0 + C - E >= 0 AND	 -5.0 + A - F >= 0 AND	 -7.0 + A - C >= 0))))))))))) 	OR (-3.6514972709828615 -0.2930999500628717 * A -2.095041217282417 * B -1.1802129428858659 * C + 1.1965192043287596 * D -1.8804344113837606 * E + 1.1965192043287596 * F >= 0 AND	 (2.957304000854492 -0.28455965221686697 * A -0.5072445788107975 * B + 0.23446787428527216 * C + 0.1430206072414979 * D + 0.19746627796750893 * E + 0.1430206072414979 * F >= 0 AND	 (3.6893749237060547 -0.2400254945905207 * A -0.06690676874020751 * B + 0.5560923002563936 * C + 0.04319823415517465 * D + 0.25872425576386426 * E + 0.04319823415517465 * F >= 0 AND	 (5.691106796264648 -1.5899806221762773 * A -0.40282051828822807 * B -0.7345234668624627 * C + 0.9149531295687909 * D -0.3060137482616945 * E + 0.9149531295687909 * F >= 0 AND	 (-0.1242902754768731 -1.2528732270766199 * A + 2.3486915159845996 * B -1.2528732270766199 * C + 0.6206656930548524 * D -0.7240432943318886 * E + 0.6206656930548524 * F >= 0 AND	 (-4.216465828712149 + 1.2059862629051317 * A -0.19204935892718364 * B + 0.6967635242027441 * C + 0.9114124963557577 * D -2.235595942532722 * E + 0.9114124963557577 * F >= 0 AND	 (0.5533294572172589 + 0.6416502746775767 * A + 0.11277741737961965 * B + 0.130239964702211 * C + 0.6416502746775763 * D + 0.130239964702211 * E + 0.6416502746775763 * F >= 0 AND	 (-2.1303558349609375 + 4.25794073404262e-05 * A -0.6651837891453768 * B + 4.25794073404262e-05 * C -0.3054449496889813 * D -0.5853971771068602 * E -0.3054449496889813 * F >= 0 AND	 (3.504953472929069 + 0.03574720578479118 * A + 0.03574720578479185 * B + 0.03574720578479207 * C + 0.7091125425483487 * D -0.7806069541179326 * E + 0.7091125425483487 * F >= 0 AND	 (4.772238171764807 -0.4323891345666766 * A -0.4323891345666748 * B + 0.4402016345666766 * C + 0.17856605744951892 * D + 0.3049799037000245 * E + 0.17856605744951892 * F >= 0 AND	 (D - F == 0 AND	 -3.0 + A >= 0 AND	 B >= 0 AND	 -5.0 + A - F >= 0 AND	 -1.0 - C + E >= 0 AND	 -7.0 + A - C >= 0 AND	 -2.0 + A - E >= 0)))))))))))) 

}
some nodes (['f6007_0_hasNext_EQ', 'f6007_0_hasNext_EQ', 'f6007_0_hasNext_EQ', 'f6007_0_hasNext_EQ', 'f6007_0_hasNext_EQ', 'f6007_0_hasNext_EQ', 'f6007_0_hasNext_EQ', 'f6007_0_hasNext_EQ', 'f6007_0_hasNext_EQ', 'f6007_0_hasNext_EQ', 'f6007_0_hasNext_EQ', 'f6007_0_hasNext_EQ', 'f6007_0_hasNext_EQ', 'f6007_0_hasNext_EQ', 'f6007_0_hasNext_EQ', 'f6007_0_hasNext_EQ', 'f6007_0_hasNext_EQ', 'f6007_0_hasNext_EQ', 'f6007_0_hasNext_EQ', 'f6007_0_hasNext_EQ', 'f6007_0_hasNext_EQ', 'f6007_0_hasNext_EQ', 'f6007_0_hasNext_EQ', 'f6007_0_hasNext_EQ', 'f6007_0_hasNext_EQ', 'f6007_0_hasNext_EQ', 'f6007_0_hasNext_EQ', 'f6007_0_hasNext_EQ', 'f6007_0_hasNext_EQ', 'f6007_0_hasNext_EQ', 'f6007_0_hasNext_EQ']) where ignored after 10 iterations. 

