{'f213_0_increase_LE': (), 'f213_0_increase_LEp': ()}
exit conditions: 
 {'f213_0_increase_LE': {'t2': (1 + A >= 0 AND -1 + C >= 0), 't4': (1 + A >= 0 AND -1 + C >= 0), 't1': (1 + A >= 0 AND -1 + C >= 0)}, 'f213_0_increase_LEp': {'t5': (1 + A >= 0 AND -1 + C >= 0), 't3': (1 + A >= 0 AND -1 + C >= 0)}} 
 ===========================
TOO MANY TRIES with node:  f213_0_increase_LEp
TOO MANY TRIES with node:  f213_0_increase_LEp
TOO MANY TRIES with node:  f213_0_increase_LEp
TOO MANY TRIES with node:  f213_0_increase_LEp
TOO MANY TRIES with node:  f213_0_increase_LE
TOO MANY TRIES with node:  f213_0_increase_LE
TOO MANY TRIES with node:  f213_0_increase_LE
TOO MANY TRIES with node:  f213_0_increase_LE
TOO MANY TRIES with node:  f213_0_increase_LE
TOO MANY TRIES with node:  f213_0_increase_LE
TOO MANY TRIES with node:  f213_0_increase_LE
TOO MANY TRIES with node:  f213_0_increase_LE
TOO MANY TRIES with node:  f213_0_increase_LE
TOO MANY TRIES with node:  f213_0_increase_LE
TOO MANY TRIES with node:  f213_0_increase_LE
TOO MANY TRIES with node:  f213_0_increase_LE

phi props: {
	 f213_0_increase_LE : ((1.939503090280454 + 0.8927987094445782 * A -0.8737528323988284 * B -0.5998748060840269 * C >= 0 AND	 (1.5544122763429096 + 0.0892768299767717 * A -0.21277793616271895 * B -0.35398990425979987 * C >= 0 AND	 (1.2381521590533016 + 0.0006682247716444665 * A -0.09840661265568743 * B -0.15205915077942594 * C >= 0 AND	 (-0.01864276397945162 + 0.9928201900520519 * A + 1.006289245717521 * B + 0.011903326591495622 * C >= 0 AND	 (2.1378671490122807 + 0.14232791934753483 * A + 1.3363574776590268 * B -0.9365939332375202 * C >= 0 AND	 (1.000000580352488 -0.0007595537599583423 * A + 0.0007589794209536564 * B -5.754504492633164e-07 * C >= 0 AND	 (1.0001265622923827 -4.695607077278434e-08 * A + 0.0007596026548446618 * B + 4.695607077278429e-08 * C >= 0 AND	 (1.0 + A >= 0 AND	 -1.0 + C >= 0)))))))) 	OR (1.8946812050582393 + 0.4895067594925453 * A -0.5736582212090026 * B -0.7788911714513094 * C >= 0 AND	 (1.0067709626168808 -3.455513878186398e-06 * A -0.005804360406513331 * B -0.0066333457865649596 * C >= 0 AND	 (1.5635349532389802 + 1.8567050097212094 * A + 1.9581955629775192 * B -0.5187159086481484 * C >= 0 AND	 (2.3286179577896466 + 0.16811818750221985 * A + 1.2696570595232637 * B -1.1156833984493755 * C >= 0 AND	 (1.0000000365692454 -0.0007681655922109961 * A + 0.0007501460194090487 * B -2.2515574755804062e-09 * C >= 0 AND	 (1.0001079382954692 -0.0007481101214968375 * A + 2.3084539886021536e-06 * B -9.815454496475107e-05 * C >= 0 AND	 (1.0001265622923827 -4.695607077278434e-08 * A + 0.0007596026548446618 * B + 4.695607077278429e-08 * C >= 0 AND	 (1.0 + A >= 0 AND	 -1.0 + C >= 0)))))))) 	OR (1.939503090280454 + 0.8927987094445782 * A -0.8737528323988284 * B -0.5998748060840269 * C >= 0 AND	 (1.5544122763429096 + 0.0892768299767717 * A -0.21277793616271895 * B -0.35398990425979987 * C >= 0 AND	 (1.2381521590533016 + 0.0006682247716444665 * A -0.09840661265568743 * B -0.15205915077942594 * C >= 0 AND	 (-0.01864276397945162 + 0.9928201900520519 * A + 1.006289245717521 * B + 0.011903326591495622 * C >= 0 AND	 (2.1378671490122807 + 0.14232791934753483 * A + 1.3363574776590268 * B -0.9365939332375202 * C >= 0 AND	 (1.000000580352488 -0.0007595537599583423 * A + 0.0007589794209536564 * B -5.754504492633164e-07 * C >= 0 AND	 (1.0001265622923827 -4.695607077278434e-08 * A + 0.0007596026548446618 * B + 4.695607077278429e-08 * C >= 0 AND	 (1.0 + A >= 0 AND	 -1.0 + C >= 0))))))))) 
	 f213_0_increase_LEp : ((1.6576965335532365 + 0.11965664902761619 * A + 1.0142171928468509 * B -0.8958668105519579 * C >= 0 AND	 (2.2181583912658267 + 0.005052337624250669 * A + 0.45968562130479523 * B -0.8414481381352196 * C >= 0 AND	 (1.8340743202020788 + 0.0023389624422491817 * A + 0.1224141103052574 * B -0.4794137165958019 * C >= 0 AND	 (1.4626268787088534 + 0.0010828931931374658 * A + 0.03108672855698951 * B -0.2473982621292798 * C >= 0 AND	 (1.2410265466815884 + 0.0005152861923324679 * A + 0.007802119555943379 * B -0.1246719695362775 * C >= 0 AND	 (1.1226561116028562 -0.00023330676430511395 * A + 0.0024354933540497625 * B -0.062429668008684866 * C >= 0 AND	 (1.0618356734182046 -0.0003608911688010811 * A + 0.0009722561720000214 * B -0.031223532988382444 * C >= 0 AND	 (1.031103841576645 -0.00010791789351898537 * A + 0.0002443029074155953 * B -0.015620134238164324 * C >= 0 AND	 (1.015563123511 + 3.0515256811369366e-05 * A + 3.0515256811369366e-05 * B -0.007812083848322215 * C >= 0 AND	 (-1.0039061612881248 + 0.9999924299199842 * A + 1.0000075700800157 * B + 0.0038910211280933638 * C >= 0 AND	 (1.0 + A >= 0 AND	 -1.0 + C >= 0))))))))))) 	OR (1.002279965041404 -0.0007598438954359598 * A + 0.0007604216974284835 * B + 2.889009962618105e-07 * C >= 0 AND	 (1.0019204515648512 + 1.9994357129013787 * A + 1.998676891868284 * B -0.0022764630992923585 * C >= 0 AND	 (0.6666666666666667 + 1.3333333333333333 * A + 0.33333333333333337 * B -0.3333333333333335 * C >= 0 AND	 (1.0 + A >= 0 AND	 -1.0 + C >= 0))))) 

}
some nodes (['f213_0_increase_LEp', 'f213_0_increase_LEp', 'f213_0_increase_LEp', 'f213_0_increase_LEp', 'f213_0_increase_LE', 'f213_0_increase_LE', 'f213_0_increase_LE', 'f213_0_increase_LE', 'f213_0_increase_LE', 'f213_0_increase_LE', 'f213_0_increase_LE', 'f213_0_increase_LE', 'f213_0_increase_LE', 'f213_0_increase_LE', 'f213_0_increase_LE', 'f213_0_increase_LE']) where ignored after 10 iterations. 

