{'f564_0_loop_NE': (), 'f565_0_loop_NE': (), 'f573_0_loop_NE': (), 'f490_0_loop_GT': ()}
exit conditions: 
 {'f564_0_loop_NE': {'t6': -1 + C - D >= 0, 't5': -1 - C + D >= 0, 't13': C - D == 0}, 'f565_0_loop_NE': {'t7': -1 - B + C >= 0}, 'f573_0_loop_NE': {'t10': -1 + B - C >= 0}, 'f490_0_loop_GT': {'t14': (C == 0 AND A == 0), 't2': (-1 + C >= 0 AND -1 + A - C >= 0 AND -1 + B >= 0), 't4': (A - C == 0 AND -1 + A >= 0), 't12': (C == 0 AND -4 + A >= 0), 't11': (C == 0 AND -1 + A >= 0 AND 2 - A >= 0), 't3': (B == 0 AND -1 + C >= 0 AND -1 + A - C >= 0)}} 
 ===========================
WARNING: bads (terminating) are sat, but goods (non-terminating) are UNSAT
WARNING: bads (terminating) are sat, but goods (non-terminating) are UNSAT
WARNING: bads (terminating) are sat, but goods (non-terminating) are UNSAT
TOO MANY TRIES with node:  f573_0_loop_NE
TOO MANY TRIES with node:  f564_0_loop_NE
TOO MANY TRIES with node:  f564_0_loop_NE
TOO MANY TRIES with node:  f564_0_loop_NE
TOO MANY TRIES with node:  f564_0_loop_NE
TOO MANY TRIES with node:  f564_0_loop_NE
TOO MANY TRIES with node:  f564_0_loop_NE
TOO MANY TRIES with node:  f564_0_loop_NE
TOO MANY TRIES with node:  f564_0_loop_NE
TOO MANY TRIES with node:  f564_0_loop_NE
TOO MANY TRIES with node:  f564_0_loop_NE
TOO MANY TRIES with node:  f564_0_loop_NE
TOO MANY TRIES with node:  f564_0_loop_NE
TOO MANY TRIES with node:  f564_0_loop_NE
TOO MANY TRIES with node:  f564_0_loop_NE
TOO MANY TRIES with node:  f564_0_loop_NE
TOO MANY TRIES with node:  f564_0_loop_NE
TOO MANY TRIES with node:  f564_0_loop_NE
TOO MANY TRIES with node:  f564_0_loop_NE

phi props: {
	 f564_0_loop_NE : ((-0.7979008481919068 + 0.31959964531329565 * A -0.04512604258422472 * B -0.8948003042551922 * C -0.729042793922756 * D >= 0 AND	 (0.6165154058852005 + 0.26826904888116176 * A -0.5512226523076704 * B -0.2888494892534011 * C + 0.044054379509502695 * D >= 0 AND	 (0.8281602565079799 -0.05530540249297069 * A -0.3513626859702665 * B + 0.3106764205085734 * C + 0.2933351560940367 * D >= 0 AND	 (0.7958717664490823 + 0.04401898090550549 * A -0.2725065517257038 * B + 0.09379099315115882 * C + 0.09379099315115882 * D >= 0 AND	 (-0.03635759028667679 + 0.38781190159983964 * A + 0.09016212091685843 * B + 0.24551809231055172 * C + 0.42505464502115325 * D >= 0 AND	 (1.4831185814262289 + 0.008789151614489885 * A + 0.4028040553285837 * B + 0.08910364057398 * C + 0.08910364057398 * D >= 0 AND	 (1.225142263135836 + 0.008593291636906086 * A + 0.21093240212154196 * B + 0.022803145246290485 * C + 0.022803145246290485 * D >= 0 AND	 (0.9627518504706982 + 0.01127200681850458 * A + 0.09373351389338608 * B + 0.008993920373578275 * C >= 0 AND	 (-0.37640022119969185 + 0.7977702914918255 * A + 0.04480884545911035 * B -0.6232332439929787 * C -0.6232332439929789 * D >= 0 AND	 (0.823088455772114 + 0.815592203898051 * A -0.047976011994003 * B + 0.767616191904048 * C + 0.527736131934033 * D >= 0 AND	 -1.0 + C - D >= 0)))))))))) 	OR (3.33050450143193 -0.3279245150986554 * A -0.3549435638621406 * B + 0.4421948167020976 * C -1.054126766810565 * D >= 0 AND	 (4.3980865349241505 -1.267251947777944 * A + 1.0831698350897967 * B -0.07383176552141413 * C -0.07383176552141402 * D >= 0 AND	 (2.507569592610428 -0.05988021550780287 * A + 0.9500592314400225 * B -0.4114349762323526 * C -0.4731370642409435 * D >= 0 AND	 (0.6422688961029053 + 0.32706866248309563 * A + 0.032907865972247485 * B + 1.1206691629495893 * C -0.5464614233494272 * D >= 0 AND	 (6.367050724508253 -1.1107803471512159 * A + 0.4905032991370337 * B + 0.29979818991487184 * C -0.6605277401747611 * D >= 0 AND	 (2.3123788758339177 -0.8270925896951695 * A -0.009777751403323487 * B + 0.8400911500269217 * C + 0.0017168007045440525 * D >= 0 AND	 (-0.2805672625875868 + 0.19070193606912278 * A -0.8611835705914147 * B + 1.032359835393801 * C + 0.1480454427373603 * D >= 0 AND	 (0.16666666666666669 + 0.16666666666666666 * A + 0.5 * B + 0.16666666666666666 * C + 0.16666666666666666 * D >= 0 AND	 (0.16751735830459347 + 1.1665570792398015 * A -0.16600285368953527 * B -0.16765270947609995 * C -0.5000708808018133 * D >= 0 AND	 (-0.5 + 0.5 * A -0.5 * B + 0.5 * C + 0.5 * D >= 0 AND	 -1.0 - C + D >= 0)))))))))) 	OR (3.215064873786824 -1.000786242424444 * A + 0.4799902887481594 * B + 0.11583492854783295 * C + 0.11583492854783295 * D >= 0 AND	 (1.3048901800571504 -0.3048901790820572 * A + 0.1732516641412569 * B + 0.06581925747040014 * C + 0.06581925747040014 * D >= 0 AND	 (0.9999992185168844 + 9.084379547497079e-07 * B - C - D >= 0 AND	 (-0.027056270867649716 + 0.30664896660740637 * A -0.17362256977232848 * B -0.06651319841753897 * C -0.06651319841753897 * D >= 0 AND	 (0.5150599668135294 + 0.16133675298842717 * A -0.12004408128306607 * B -0.020646335852680553 * C -0.020646335852680553 * D >= 0 AND	 (1.0250148028103225 -0.2530407594889512 * A -0.6329461880169818 * B + 0.6329461880169818 * C + 0.6329461880169818 * D >= 0 AND	 (-0.5 + 0.49999999999999994 * A + 0.49999999999999994 * B + 0.49999999999999994 * C + 0.49999999999999994 * D >= 0 AND	 C - D == 0)))))))) 
	 f565_0_loop_NE : ((0.9551061878844171 -0.2394735273682378 * A + 1.8360368457702356 * B + 0.04253903364058942 * C >= 0 AND	 (1.4951892989784297 -0.251532489506071 * A + 0.3590198530998743 * B -0.24365680532592693 * C >= 0 AND	 (1.6889923462295713 + 0.33465063830907427 * A -1.1988706413763728 * B -0.4775170932601418 * C >= 0 AND	 (1.6941731533208615 + 0.14327005480306265 * A -0.23946346309474417 * B -0.2186196131842185 * C >= 0 AND	 (3.815818751657172 -1.785525974132515 * A -0.7594434229427245 * B -0.2135215199833489 * C >= 0 AND	 (0.03484984291891198 -0.009688873547577526 * A + 1.00550413026587 * B + 0.9752196321104398 * C >= 0 AND	 (0.7982161188558242 + 0.7540377470755577 * A + 0.49775510434341874 * B -0.42329326534876643 * C >= 0 AND	 (-0.25556839518142266 + 0.7907560249073846 * A + 0.7442225155671154 * B + 0.4650214595254999 * C >= 0 AND	 (1.7441902692531739 -0.16032901210618186 * A -0.11410404886373547 * B -0.11410404886373546 * C >= 0 AND	 -1.0 - B + C >= 0)))))))))) 
	 f573_0_loop_NE : ((2.2184307556117866 + 0.009933056084728609 * A + 0.2970472479096766 * B + 0.6874977392217008 * C >= 0 AND	 (5.564528403526076 + 0.17723334512697092 * A -0.587916759684449 * B + 1.222922612769978 * C >= 0 AND	 (1.8515397644264233 + 0.781148247262242 * A -1.5412537201880019 * B + 0.36453717945231556 * C >= 0 AND	 (-2.16470400398962 + 0.44085517934283347 * A + 0.4655991885437988 * B -0.7178594139397221 * C >= 0 AND	 (0.5383136207594797 -0.6153254486416061 * A -0.30766272432080305 * B -0.3768868372929838 * C >= 0 AND	 (1.3201566641762008 -0.5135063043884356 * A + 0.9670516348886465 * B + 0.14404928934824168 * C >= 0 AND	 (1.305677062801425 -0.07282924106739898 * A -0.005870022229672088 * B + 0.08000930621145258 * C >= 0 AND	 (-1.195121951219512 + 0.7804878048780487 * A + B -0.975609756097561 * C >= 0 AND	 (1.1134070120448507 + 0.01927242028611995 * A -0.16151775954870443 * B + 0.03773660822405961 * C >= 0 AND	 (1.6246731646584345 -0.18553182710655558 * A -0.1596221427586266 * B -0.07728024168975177 * C >= 0 AND	 -1.0 + B - C >= 0))))))))))) 
	 f490_0_loop_GT : ((C == 0 AND	 A == 0) 	OR (-1.0 + C >= 0 AND	 -1.0 + A - C >= 0 AND	 -1.0 + B >= 0) 	OR (A - C == 0 AND	 -1.0 + A >= 0) 	OR (C == 0 AND	 -4.0 + A >= 0) 	OR (C == 0 AND	 -1.0 + A >= 0 AND	 2.0 - A >= 0) 	OR (2.4453918938477415 -0.21944875206090386 * A -0.2837983861238758 * C >= 0 AND	 (-3.2335506367495457 + 2.0206943602183145 * A -1.8314887810794422 * C >= 0 AND	 (B == 0 AND	 -1.0 + C >= 0 AND	 -1.0 + A - C >= 0)))) 

}
some nodes (['f573_0_loop_NE', 'f564_0_loop_NE', 'f564_0_loop_NE', 'f564_0_loop_NE', 'f564_0_loop_NE', 'f564_0_loop_NE', 'f564_0_loop_NE', 'f564_0_loop_NE', 'f564_0_loop_NE', 'f564_0_loop_NE', 'f564_0_loop_NE', 'f564_0_loop_NE', 'f564_0_loop_NE', 'f564_0_loop_NE', 'f564_0_loop_NE', 'f564_0_loop_NE', 'f564_0_loop_NE', 'f564_0_loop_NE', 'f564_0_loop_NE']) where ignored after 10 iterations. 
Look at log.. there were WARNINGS

