{'n_l15': (), 'n_l10': (), 'n_l12': (), 'n_l1': (), 'n_l6': (), 'n_l13': (), 'n_l9': (), 'n_l11': (), 'n_l16': (), 'n_l14': (), 'n_l17': (), 'n_l5': (), 'n_l3': (), 'n_l8': (), 'n_l7': (), 'n_l2': (), 'n_l4': ()}
exit conditions: 
 {'n_l15': {'t14': ()}, 'n_l10': {'t9': ()}, 'n_l12': {'t11': ()}, 'n_l1': {'t1': ()}, 'n_l6': {'t5': ()}, 'n_l13': {'t12': ()}, 'n_l9': {'t8': ()}, 'n_l11': {'t10': ()}, 'n_l16': {'t15': ()}, 'n_l14': {'t13': ()}, 'n_l17': {'t16': ()}, 'n_l5': {'t4': ()}, 'n_l3': {'t2': A == 0}, 'n_l8': {'t7': ()}, 'n_l7': {'t6': ()}, 'n_l2': {'t17': ()}, 'n_l4': {'t3': ()}} 
 ===========================

phi props: {
	 n_l15 : (()) 
	 n_l10 : (()) 
	 n_l12 : (()) 
	 n_l1 : ((0.9999999999999997 + A + 4.5063952569535104e-13 * B >= 0 AND	 (0.9993611924407771 + 1.0001597018898059 * A -0.0006388075592228096 * B >= 0 AND	 (1.0 -1.6 * A >= 0 AND	 ())))) 
	 n_l2 : (()) 
	 n_l13 : (()) 
	 n_l9 : (()) 
	 n_l3 : (A == 0) 
	 n_l16 : (()) 
	 n_l14 : (()) 
	 n_l17 : (()) 
	 n_l5 : (()) 
	 n_l11 : (()) 
	 n_l8 : (()) 
	 n_l7 : (()) 
	 n_l6 : (()) 
	 n_l4 : (()) 

}

