{'n_l2': (), 'n_l4': (), 'n_l5': (), 'n_l0': (), 'n_l1': ()}
exit conditions: 
 {'n_l2': {'t4': -1 - D >= 0, 't3': -1 + D >= 0}, 'n_l4': {'t5': ()}, 'n_l5': {'t8': -1 + A - C >= 0, 't7': -1 - A + C >= 0}, 'n_l0': {'t0': -1 - B + C >= 0, 't1': B - C >= 0}, 'n_l1': {'t9': ()}} 
 ===========================
TOO MANY TRIES with node:  n_l0
TOO MANY TRIES with node:  n_l0
TOO MANY TRIES with node:  n_l0
TOO MANY TRIES with node:  n_l0
TOO MANY TRIES with node:  n_l0
TOO MANY TRIES with node:  n_l0
TOO MANY TRIES with node:  n_l0
TOO MANY TRIES with node:  n_l0
TOO MANY TRIES with node:  n_l0
TOO MANY TRIES with node:  n_l0
TOO MANY TRIES with node:  n_l0
TOO MANY TRIES with node:  n_l4
TOO MANY TRIES with node:  n_l2
TOO MANY TRIES with node:  n_l2
TOO MANY TRIES with node:  n_l2
TOO MANY TRIES with node:  n_l2
TOO MANY TRIES with node:  n_l2
TOO MANY TRIES with node:  n_l2
TOO MANY TRIES with node:  n_l2
TOO MANY TRIES with node:  n_l2
TOO MANY TRIES with node:  n_l2
TOO MANY TRIES with node:  n_l2
TOO MANY TRIES with node:  n_l2

phi props: {
	 n_l2 : ((1.0005160756864822 -0.0003236631790101786 * A -4.6241296445769035e-05 * B + 0.0003204751426659774 * C + 3.4411110016450486e-07 * D >= 0 AND	 (1.0079964501961358 + 0.00016309686694730737 * A + 8.103392129698725e-05 * B -1.9287048680284793e-05 * C + 0.0005953586224479869 * D >= 0 AND	 (1.0003016275248233 -1.1435751437197385e-07 * A -0.00011791155693631483 * B + 0.00015170442041174219 * C -1.6612833424015725e-07 * D >= 0 AND	 (1.018014510274155 + 9.171829566504542e-05 * A + 0.0021676704107270834 * B -0.0002390999381127844 * C -2.191271060903798e-06 * D >= 0 AND	 (1.0000168410191579 + 2.3910520276384144e-07 * A -1.2452310594470414e-05 * B + 1.413009563563324e-05 * C -1.595802746991766e-09 * D >= 0 AND	 (1.025799097321955 + 0.0007762374546677745 * A + 0.0011810634659169222 * B + 0.0010402454647936406 * C -1.3856113402735196e-05 * D >= 0 AND	 (1.011752784457351 -0.00017668040616237483 * A + 0.0011414018556502878 * B + 0.0003170302757010254 * C -6.4554369422308e-06 * D >= 0 AND	 (1.00331789729815 -0.0002790579098887868 * A + 0.0005793885927443374 * B + 2.0978200493997247e-05 * C -1.8622274412183105e-06 * D >= 0 AND	 (1.0095425125675155 + 0.0008644579022454733 * A + 0.0005923394555127122 * B -0.0004388224556610371 * C -5.808385597854489e-06 * D >= 0 AND	 (1.0032293317045038 + 0.0007440869844341343 * A -5.53680274411345e-07 * B -5.53680274411345e-07 * C -3.7691282367062535e-06 * D >= 0 AND	 -1.0 - D >= 0)))))))))) 	OR (1.020527434048645 -0.005696933402966617 * A + 0.004182702569587384 * B + 0.004182702569587384 * C + 1.686801035540972e-05 * D >= 0 AND	 (0.9997134507017043 -0.0005987254373560901 * A -0.00018832029131080416 * B + 0.0002865063545511208 * C -9.297315872114663e-10 * D >= 0 AND	 (0.9997383484690127 + 0.001230567012442308 * A + 0.0001974502460133792 * B + 0.0006676704517130404 * C -3.684291996797909e-06 * D >= 0 AND	 (0.9998301151922722 + 0.0005990933446664024 * A -0.000385691898699326 * B + 0.00050505655268447 * C -0.0003563096771807972 * D >= 0 AND	 (1.003201781034903 + 1.9418831997242883e-06 * A + 0.0006864717271712974 * B + 0.0012896005948579937 * C -0.00016035740607779582 * D >= 0 AND	 (1.0020826190094398 -9.675414361728117e-07 * A + 0.0012576724407994705 * B + 0.00015804820821801866 * C -7.89996422985193e-05 * D >= 0 AND	 (1.0033518338210197 + 2.2410847755737547e-06 * A + 0.0005133605476799833 * B + 0.0004132704774907706 * C -0.0012148138646900838 * D >= 0 AND	 (1.000736698642902 + 0.00022117643196205034 * A + 3.396148455390983e-05 * B + 0.000106303350855485 * C -0.0005165669716712618 * D >= 0 AND	 (1.0019696986119904 + 0.0008603473454327769 * A + 0.0005963890623537575 * B -0.0004298716651691908 * C + 3.1766550131636124e-07 * D >= 0 AND	 (0.9989042866953777 + 0.0007426555254242215 * A -1.3680710013578227e-07 * B -1.3680710013578227e-07 * C + 1.3680710013578227e-07 * D >= 0 AND	 -1.0 + D >= 0))))))))))) 
	 n_l4 : ((0 >= 0 AND	 (0 >= 0 AND	 (0 >= 0 AND	 (0 >= 0 AND	 (0 >= 0 AND	 (0 >= 0 AND	 (0 >= 0 AND	 (0 >= 0 AND	 (0 >= 0 AND	 (0 >= 0 AND	 ()))))))))))) 
	 n_l0 : ((0.999787120605786 + 0.0007429839777628247 * A + 0.0004235488189357218 * B -0.0009015915939410195 * C -0.0004764097149039714 * D >= 0 AND	 (0.9993033117068573 + 0.0009095242224127561 * A + 0.0011078234455227276 * B + 0.0009856792420684243 * C -0.0007652158154653369 * D >= 0 AND	 (0.9981054172080691 + 0.001105331239034515 * A + 0.0003360755427884221 * B + 0.00023656776413330578 * C -0.0002578277517454669 * D >= 0 AND	 (0.999018394756801 + 0.000625927150684795 * A + 4.543185508908034e-05 * B + 4.268779685690226e-05 * C -4.4012884256307355e-05 * D >= 0 AND	 (1.0002167648874294 + 0.0003068366023578578 * A -3.748997016707924e-06 * B -3.7489970167079275e-06 * C -7.205499157963521e-06 * D >= 0 AND	 (1.7037235764410246 + 0.0003703310592587859 * A + 0.0029000826490638973 * B -0.00020086540740831316 * C + 0.0003681679830340656 * D >= 0 AND	 (1.8005425640415893 + 0.0003761031653051453 * A + 0.0015144008434555267 * B + 0.0015144008434555267 * C + 0.00037205199148088825 * D >= 0 AND	 (1.3685996502271507 -0.0002388918130797643 * A + 0.000490330177238825 * B + 0.0004903301772388252 * C -0.00024007652783307934 * D >= 0 AND	 (1.1928525294722632 -0.0010083170264439361 * A -5.472839372790173e-05 * B -0.0003225250773723517 * C -0.0010079940438444675 * D >= 0 AND	 (1.4707169121527481 + 3.0465672505378775e-06 * A -5.232137739650118e-05 * B -5.232137739650118e-05 * C -0.0016557460476983661 * D >= 0 AND	 -1.0 - B + C >= 0)))))))))) 	OR (1.7517996959504418 + 0.029729358990793195 * A + 0.012312177053104546 * B + 0.0725890662656421 * C + 0.027765568477438118 * D >= 0 AND	 (1.0749901337138228 + 0.003227904556813271 * A + 0.001432299013573103 * B + 0.0044614699168527144 * C + 0.004874358506605838 * D >= 0 AND	 (1.2054245614318824 -0.043002811219847274 * A -0.10977362422282977 * B + 0.11917313666951854 * C -0.04930891610025813 * D >= 0 AND	 (-0.7569518003718632 + 0.3904532822940917 * A -0.17736082679158563 * B -0.07826155429288041 * C -0.1348178680056653 * D >= 0 AND	 (1.575478145651934 + 0.00099099806084069 * A + 1.5920252222716667e-06 * B + 6.462200124439529e-07 * C + 0.0005043896757463291 * D >= 0 AND	 (1.001807307718282 + 0.0008676312284886499 * A + 0.0011367772696393756 * B + 1.4466755342270807e-06 * C -0.001859101787468943 * D >= 0 AND	 (1.018441628085184 -3.25821035447655e-06 * A + 0.001229861330617423 * B + 0.001229861330617423 * C + 9.440099656625265e-07 * D >= 0 AND	 (0.9985545853569953 + 7.332369546290897e-07 * A -0.0007651499437602684 * B -0.0007651499437602684 * C -0.0005708960338345419 * D >= 0 AND	 (1.000623442057557 -0.0010248068086911245 * A + 2.8883773966092597e-06 * B + 2.8883773966092597e-06 * C -0.0004769617356190091 * D >= 0 AND	 (1.0020036767903115 -9.058506601716445e-06 * A + 6.537060205737065e-06 * B + 6.537060205737065e-06 * C -0.0013201166092663863 * D >= 0 AND	 B - C >= 0))))))))))) 
	 n_l5 : (-1.0 + A - C >= 0 	OR -1.0 - A + C >= 0) 
	 n_l1 : ((1.0003157476644822 -0.0006321629358019896 * A + 4.972038443765852e-05 * B -0.0006334329782415545 * C -0.001317856383360334 * D >= 0 AND	 (1.0140690860943595 + 0.00039950132298910884 * A + 0.0020707722059177505 * B + 0.00039637825731584145 * C -0.0012811387569593344 * D >= 0 AND	 (1.0222106734546665 + 0.0006268649890451863 * A + 0.0012608528679577105 * B + 0.0006256778407339636 * C -1.0684334801004338e-05 * D >= 0 AND	 (0.000137048325941481 + 1.3327422635159987 * A -0.6673035846371153 * B -1.273559807583955e-06 * C -0.6654424995583061 * D >= 0 AND	 (-0.9999999999999986 + 0.6666666666666661 * A + 0.6666666666666661 * B -2.0 * C + 0.6666666666666661 * D >= 0 AND	 ())))))) 

}
some nodes (['n_l0', 'n_l0', 'n_l0', 'n_l0', 'n_l0', 'n_l0', 'n_l0', 'n_l0', 'n_l0', 'n_l0', 'n_l0', 'n_l4', 'n_l2', 'n_l2', 'n_l2', 'n_l2', 'n_l2', 'n_l2', 'n_l2', 'n_l2', 'n_l2', 'n_l2', 'n_l2']) where ignored after 10 iterations. 

