{'n_l7': (), 'n_l4': (), 'n_l8': (), 'n_l9': ()}
exit conditions: 
 {'n_l7': {'t11': ()}, 'n_l4': {'t7': ()}, 'n_l8': {'t8': -1 - C >= 0, 't9': -1 + C >= 0}, 'n_l9': {'t10': -1 + E >= 0}} 
 ===========================
TOO MANY TRIES with node:  n_l8
TOO MANY TRIES with node:  n_l8
TOO MANY TRIES with node:  n_l8
TOO MANY TRIES with node:  n_l8
TOO MANY TRIES with node:  n_l8
TOO MANY TRIES with node:  n_l8
TOO MANY TRIES with node:  n_l8
TOO MANY TRIES with node:  n_l8
TOO MANY TRIES with node:  n_l8
TOO MANY TRIES with node:  n_l8
TOO MANY TRIES with node:  n_l8
TOO MANY TRIES with node:  n_l4
TOO MANY TRIES with node:  n_l7

phi props: {
	 n_l7 : ((-3.6865046555676138 + 6.997303539082795e-10 * A + 4.952787462394159e-13 * B -6.709069190842305e-10 * C -1.8317839349770535e-10 * D -1.2085952793157847e-15 * E >= 0 AND	 (-5.066056252602591 -1.2835342067329267e-10 * A + 4.4211428877627004e-13 * B -8.683998482884001e-10 * C + 3.3605528414986346e-11 * D -7.562224721999769e-15 * E >= 0 AND	 (-2.347492789431217 + 2.2086421227731732e-10 * A + 1.4348443446091462e-13 * B -4.79217814602337e-10 * C -5.781808599879916e-11 * D -2.482458013246289e-15 * E >= 0 AND	 (-1.8488164674291596 -2.3115148922943382e-10 * A + 1.121449986604035e-19 * B -4.0782866553843024e-10 * C + 6.051463952983711e-11 * D -4.5439504256908614e-15 * E >= 0 AND	 (0.01782568278233143 -2.2010980494100756e-10 * A + 4.0979890588940587e-14 * B -1.4060534948543398e-10 * C + 5.762300433191808e-11 * D -2.38052109475586e-15 * E >= 0 AND	 (0.7064563008541942 -1.2696127913515626e-10 * A + 1.0878822076684108e-14 * B -4.202289521175442e-11 * C + 3.323730612229493e-11 * D -1.0662304516853073e-15 * E >= 0 AND	 (-0.99072556978353 + 1.9545023823486898e-11 * A -4.0799734286018417e-20 * B -2.849867724461756e-10 * C + 1.19204172002836e-14 * D -2.0849987310476664e-15 * E >= 0 AND	 (0.004675570500390858 + 9.765760293869295e-12 * A + 1.8358353422958472e-19 * B -1.4248787365382783e-10 * C + 1.4282218569744366e-10 * D + 7.933787445462838e-17 * E >= 0 AND	 (0.06837723049654626 + 1.4282218423924152e-10 * A + 1.7183405145229962e-19 * B -1.333685437286616e-10 * C + 1.9682828020066366e-17 * D + 7.426019146196246e-17 * E >= 0 AND	 (-0.9230060981113695 -1.2340766470790524e-10 * A -1.2340766470790524e-10 * B -1.2340766470790524e-10 * C -1.2340766470790524e-10 * D + 1.5710357402105273e-05 * E >= 0 AND	 ()))))))))))) 
	 n_l4 : ((0.9187843958133406 + 0.0002951712202237003 * A + 0.0011275214838886865 * D + 0.000391871012111909 * E >= 0 AND	 (1.0122632419980269 + 0.0001567454144889287 * A + 0.0005944243382547598 * D + 0.00010080839684844152 * E >= 0 AND	 (1.0195555393652445 + 7.973143769397732e-05 * A + 0.0003010804231045654 * D + 2.54820254143413e-05 * E >= 0 AND	 (-207.7349513093336 -0.016535865471666966 * A -1.2570352798806539 * D + 0.3839838083420889 * E >= 0 AND	 (-1.1233354323215758 -0.005069756111880531 * A + 0.00038110079353377286 * D + 9.138844089130568e-06 * E >= 0 AND	 (0.9999982163446247 -8.64190673449036e-06 * A -3.3495910420258066e-05 * D + 7.677158711142328e-06 * E >= 0 AND	 (0.9999617725048523 -1.2400827124971086e-07 * A -4.0869007409259763e-07 * D + 7.984962772434272e-05 * E >= 0 AND	 (1.000148046144775 -3.5171483808018897e-07 * A -1.27568924175371e-07 * D + 3.993416610981337e-05 * E >= 0 AND	 (0.9999999703951181 -1.92096530585364e-06 * A -7.29181529102316e-06 * D + 2.6258761422647683e-10 * E >= 0 AND	 (3.077036864798865 + 0.007689707173830547 * A -0.0020377830529083978 * D + 1.6685304360991722e-05 * E >= 0 AND	 ()))))))))))) 
	 n_l8 : ((1.003055228374012 -1.1560519787064833e-05 * A -0.001558637469828195 * B + 7.47199054795681e-06 * C + 0.0035812733553631623 * D + 7.746740063497053e-06 * E >= 0 AND	 (1.0008027961592816 -2.990875038352432e-06 * A -0.001113627940144564 * B + 1.8692167373685625e-06 * C + 0.0016451559426832847 * D + 2.0041946133289495e-06 * E >= 0 AND	 (1.0002095543050056 -7.039086850597704e-07 * A -0.0006329396804030221 * B + 1.0944461291617284e-06 * C + 0.0007710488499173104 * D + 5.555582984530842e-07 * E >= 0 AND	 (1.0000827453503498 + 1.1229206875879244e-06 * A -0.00033427730713431447 * B + 4.5718284740360773e-07 * C + 0.000370926358023624 * D + 1.5520215716261482e-07 * E >= 0 AND	 (1.0000651853843843 + 4.923415988290052e-07 * A -0.00017142028656890756 * B + 9.370540927853969e-07 * C + 0.00018161108756085658 * D + 1.0260884623750098e-07 * E >= 0 AND	 (1.0000064848375396 + 5.835718911959551e-08 * A -8.675638083529638e-05 * B + 9.150405280329895e-07 * C + 8.98158617628996e-05 * D + 7.809385850868627e-08 * E >= 0 AND	 (1.0000017395056169 + 4.843116632294534e-09 * A -4.3639818388569444e-05 * B + 9.970066224264048e-08 * C + 4.465890140381134e-05 * D + 9.777612823688964e-09 * E >= 0 AND	 (1.01152205722865 -2.219996500194191e-05 * A + 0.003849142779206824 * B -1.4876265207486847e-05 * C + 0.003804992114094567 * D + 1.4876265207486847e-05 * E >= 0 AND	 (1.005727990909003 -1.103632422178507e-05 * A + 0.0038161555805973344 * B -7.395474993979686e-06 * C -1.103632422178507e-05 * D + 7.395474993979686e-06 * E >= 0 AND	 (-0.5042366970139929 -0.0007703085479986993 * A -0.0007703085479986993 * B -0.09936980269183404 * C -0.0007703085479986993 * D + 1.2965687909795052 * E >= 0 AND	 -1.0 - C >= 0)))))))))) 	OR (1.0276378752960906 + 0.003824156584058863 * A + 0.004983284447005179 * B + 2.0245136609272167e-05 * C -0.0010153449996260092 * D + 4.049027321854433e-05 * E >= 0 AND	 (1.0035909570609451 + 0.0011265647968027696 * A + 0.0028476248927180176 * B + 1.8778200471094828e-07 * C -0.0016247750986590256 * D + 6.1968061554612985e-06 * E >= 0 AND	 (1.0009397750384255 + 0.0002849625741195044 * A + 0.0013916436432691215 * B + 4.914364158165403e-08 * C -0.0010617507696701735 * D + 1.6217401721945826e-06 * E >= 0 AND	 (1.000237630491946 + 6.717904144173945e-05 * A + 0.0006713954125343037 * B + 1.2426454885652846e-08 * C -0.0005831021845965693 * D + 4.1007301122654376e-07 * E >= 0 AND	 (1.0000696597909655 + 1.4409933480945852e-05 * A + 0.0003276276276299935 * B + 1.5577555893492767e-09 * C -0.0003030597319306272 * D + 1.0125411330770335e-07 * E >= 0 AND	 (1.0000148988542512 + 2.3905780783817094e-06 * A + 0.00016155747944475972 * B + 7.7942283668624e-10 * C -0.00015419639155397544 * D + 2.5720953610645968e-08 * E >= 0 AND	 (1.0000037332586542 -9.549623908038528e-09 * A + 8.018590765561048e-05 * B + 1.9489028383752117e-10 * C -7.773800896215303e-05 * D + 6.431379366638193e-09 * E >= 0 AND	 (1.0155136646765275 -3.975156768382201e-05 * A + 0.0050553646853425315 * B + 8.11256483343305e-07 * C + 0.005134336137765548 * D + 2.6771463950329105e-05 * E >= 0 AND	 (1.0076971803373238 -1.9722935701706098e-05 * A -1.9722935701706098e-05 * B + 4.02508891871553e-07 * C + 0.005075393085676018 * D + 1.328279343176125e-05 * E >= 0 AND	 (-0.20752995004776187 -0.0007727081900983923 * A -0.0007727081900983923 * B -0.09813394014249455 * C -0.0007727081900983923 * D + 1.2974926531878777 * E >= 0 AND	 -1.0 + C >= 0))))))))))) 
	 n_l9 : (-1.0 + E >= 0) 

}
some nodes (['n_l8', 'n_l8', 'n_l8', 'n_l8', 'n_l8', 'n_l8', 'n_l8', 'n_l8', 'n_l8', 'n_l8', 'n_l8', 'n_l4', 'n_l7']) where ignored after 10 iterations. 

