{'n_l5': (), 'n_l6': (), 'n_l17': (), 'n_l18': (), 'n_l15': (), 'n_l4': ()}
exit conditions: 
 {'n_l5': {'t4': K >= 0}, 'n_l6': {'t17': (K >= 0 AND -1 - I + N >= 0), 't16': (I - N >= 0 AND K >= 0)}, 'n_l17': {'t22': -1 - H >= 0, 't23': -1 + H >= 0}, 'n_l18': {'t24': ()}, 'n_l15': {'t21': K >= 0}, 'n_l4': {'t6': (), 't7': ()}} 
 ===========================
TOO MANY TRIES with node:  n_l18
WARNING: bads (terminating) are sat, but goods (non-terminating) are UNSAT
WARNING: bads (terminating) are sat, but goods (non-terminating) are UNSAT
WARNING: bads (terminating) are sat, but goods (non-terminating) are UNSAT
WARNING: bads (terminating) are sat, but goods (non-terminating) are UNSAT
WARNING: bads (terminating) are sat, but goods (non-terminating) are UNSAT
WARNING: bads (terminating) are sat, but goods (non-terminating) are UNSAT
WARNING: bads (terminating) are sat, but goods (non-terminating) are UNSAT
WARNING: bads (terminating) are sat, but goods (non-terminating) are UNSAT
WARNING: bads (terminating) are sat, but goods (non-terminating) are UNSAT
WARNING: bads (terminating) are sat, but goods (non-terminating) are UNSAT
TOO MANY TRIES with node:  n_l6

phi props: {
	 n_l6 : ((0 >= 0 AND	 (0 >= 0 AND	 (0 >= 0 AND	 (0 >= 0 AND	 (0 >= 0 AND	 (0 >= 0 AND	 (0 >= 0 AND	 (0 >= 0 AND	 (0 >= 0 AND	 (0 >= 0 AND	 (K >= 0 AND	 -1.0 - I + N >= 0))))))))))) 	OR (I - N >= 0 AND	 K >= 0)) 
	 n_l5 : (K >= 0) 
	 n_l17 : (-1.0 - H >= 0 	OR -1.0 + H >= 0) 
	 n_l18 : ((0 >= 0 AND	 (0 >= 0 AND	 (0 >= 0 AND	 (0 >= 0 AND	 (0 >= 0 AND	 (0 >= 0 AND	 (0 >= 0 AND	 (0 >= 0 AND	 (0 >= 0 AND	 (0 >= 0 AND	 ()))))))))))) 
	 n_l15 : ((nan >= 0 AND	 (0.9999999999999645 -1.1555579666322994e-33 * A -1.1555579666322994e-33 * B + 1.3877787807814013e-17 * C + 1.3877787807814065e-17 * D -1.1555579666322994e-33 * E -1.1555579666322994e-33 * F -1.1555579666322994e-33 * G -3.4666738998969014e-33 * H -1.1555579666322994e-33 * I -1.1555579666322994e-33 * J -1.1555579666322994e-33 * L -1.1555579666322994e-33 * M + 1.3877787807814044e-17 * N -1.1555579666322994e-33 * O + 1.3877787807813851e-17 * P -1.1555579666322994e-33 * Q -1.1555579666322994e-33 * R -1.1555579666322994e-33 * S -1.1555579666322994e-33 * T >= 0 AND	 (0.9999999999999716 -3.8518598887743554e-34 * A + 2.8888949165807785e-34 * B + 1.3877787807814193e-17 * C -3.8518598887743554e-34 * D -3.8518598887743554e-34 * E -3.8518598887743554e-34 * F -3.8518598887743554e-34 * G -1.1555579666323087e-33 * H -3.8518598887743554e-34 * I -3.8518598887743554e-34 * J -3.8518598887743554e-34 * L -3.8518598887743554e-34 * M -1.329842812732361e-31 * N -3.8518598887743554e-34 * O + 1.3877787807814122e-17 * P -3.8518598887743554e-34 * Q -3.8518598887743554e-34 * R -3.8518598887743554e-34 * S -3.8518598887743554e-34 * T >= 0 AND	 (0.9999999999999964 -7.703719777548913e-34 * A -7.703719777548913e-34 * B + 1.6638094521749856e-31 * C -7.703719777548913e-34 * D -7.703719777548913e-34 * E -7.703719777548913e-34 * F -7.703719777548913e-34 * G -1.733336949948505e-33 * H -7.703719777548913e-34 * I -7.703719777548913e-34 * J -7.703719777548913e-34 * L -7.703719777548913e-34 * M + 1.3877787807814363e-17 * N -7.703719777548913e-34 * O + 1.3877787807814312e-17 * P -7.703719777548913e-34 * Q -7.703719777548913e-34 * R -7.703719777548913e-34 * S -7.703719777548913e-34 * T >= 0 AND	 (0.9999999999999858 -4.814824860968011e-34 * A -4.814824860968011e-34 * B + 1.3877787807814357e-17 * C -4.814824860968011e-34 * D + 1.9259299443872053e-34 * E -4.814824860968011e-34 * F -4.814824860968011e-34 * G -1.2518544638516855e-33 * H -4.814824860968011e-34 * I -4.814824860968011e-34 * J + 2.465190328815662e-32 * K -4.814824860968011e-34 * L -4.814824860968011e-34 * M + 1.3877787807814224e-17 * N -4.814824860968011e-34 * O -4.814824860968011e-34 * P -4.814824860968011e-34 * Q -4.814824860968011e-34 * R -4.814824860968011e-34 * S -4.814824860968011e-34 * T >= 0 AND	 (0.9999999999999909 -3.90688645861407e-34 * A -3.90688645861407e-34 * B -3.90688645861407e-34 * C -3.90688645861407e-34 * D -3.90688645861407e-34 * E -3.90688645861407e-34 * F -3.90688645861407e-34 * G -8.666684749742483e-34 * H -3.90688645861407e-34 * I -3.90688645861407e-34 * J -3.90688645861407e-34 * L -3.90688645861407e-34 * M + 1.3877787807814364e-17 * N -3.90688645861407e-34 * O -3.90688645861407e-34 * P -3.90688645861407e-34 * Q -3.90688645861407e-34 * R -3.90688645861407e-34 * S -3.90688645861407e-34 * T >= 0 AND	 (1.0000000000000009 + 5.416677968589105e-35 * A + 5.416677968589105e-35 * B + 5.416677968589105e-35 * C + 5.416677968589105e-35 * D + 5.416677968589105e-35 * E + 5.416677968589105e-35 * F + 5.416677968589105e-35 * G -6.018531076210117e-36 * H + 5.416677968589105e-35 * I + 5.416677968589105e-35 * J -3.469446951953616e-18 * K + 5.416677968589105e-35 * L + 5.416677968589105e-35 * M + 5.416677968589105e-35 * N + 5.416677968589105e-35 * O + 5.416677968589105e-35 * P + 5.416677968589105e-35 * Q + 5.416677968589105e-35 * R + 5.416677968589105e-35 * S + 5.416677968589105e-35 * T >= 0 AND	 (-1.0000000000000013 -3.469446951953614e-18 * A -3.469446951953614e-18 * B -3.469446951953614e-18 * C -3.469446951953614e-18 * D -3.469446951953614e-18 * E -3.469446951953614e-18 * F -3.469446951953614e-18 * G - H -3.469446951953614e-18 * I -3.469446951953614e-18 * J + 1.734723475976807e-18 * K -3.469446951953614e-18 * L -3.469446951953614e-18 * M -3.469446951953614e-18 * N -3.469446951953614e-18 * O -3.469446951953614e-18 * P -3.469446951953614e-18 * Q -3.469446951953614e-18 * R -3.469446951953614e-18 * S -3.469446951953614e-18 * T >= 0 AND	 K >= 0))))))))) 
	 n_l4 : ((0.875 + I >= 0 AND	 ()) 	OR (0.75 + K >= 0 AND	 ())) 

}
some nodes (['n_l18', 'n_l6']) where ignored after 10 iterations. 
Look at log.. there were WARNINGS

