{'n_l4': (), 'n_l5': (), 'n_l3': (), 'n_l7': (), 'n_l6': (), 'n_l8': (), 'n_l1': ()}
exit conditions: 
 {'n_l4': {'t11': ()}, 'n_l5': {'t5': -1 - A + 2 * E >= 0, 't6': -1 + A -2 * E >= 0}, 'n_l3': {'t3': ()}, 'n_l7': {'t8': -1 - B + 2 * E >= 0, 't9': -1 + B -2 * E >= 0}, 'n_l6': {'t7': A - B == 0}, 'n_l8': {'t10': -1 + B >= 0}, 'n_l1': {'t2': -1 + A >= 0, 't4': -1 + A >= 0}} 
 ===========================
TOO MANY TRIES with node:  n_l1
TOO MANY TRIES with node:  n_l7
TOO MANY TRIES with node:  n_l7
TOO MANY TRIES with node:  n_l7
TOO MANY TRIES with node:  n_l7
TOO MANY TRIES with node:  n_l7
WARNING: bads (terminating) are sat, but goods (non-terminating) are UNSAT
WARNING: bads (terminating) are sat, but goods (non-terminating) are UNSAT
WARNING: bads (terminating) are sat, but goods (non-terminating) are UNSAT
WARNING: bads (terminating) are sat, but goods (non-terminating) are UNSAT
WARNING: bads (terminating) are sat, but goods (non-terminating) are UNSAT
WARNING: bads (terminating) are sat, but goods (non-terminating) are UNSAT
WARNING: bads (terminating) are sat, but goods (non-terminating) are UNSAT
WARNING: bads (terminating) are sat, but goods (non-terminating) are UNSAT
WARNING: bads (terminating) are sat, but goods (non-terminating) are UNSAT
WARNING: bads (terminating) are sat, but goods (non-terminating) are UNSAT
TOO MANY TRIES with node:  n_l5

phi props: {
	 n_l4 : ((-0.5 + A >= 0 AND	 ())) 
	 n_l5 : ((1.0402969475933617 -0.056205594532305135 * A -0.20801902545889933 * B + 0.14062416327710206 * C + 0.224827573380927 * D -0.029481099475070275 * E >= 0 AND	 (0.9851361046547803 + 0.07795649050307267 * A -0.19639505571682572 * B + 0.027517012273835594 * C + 0.08734967119588732 * D + 0.03897824525153633 * E >= 0 AND	 (1.024995667522365 + 0.0028504705954418685 * A -0.00028410848985450845 * B + 0.0005060403418554824 * C -3.7950891304448014e-05 * D -0.0024995010221260192 * E >= 0 AND	 (1.0547335454151152 + 0.0040795496891555495 * A -0.00300877615671705 * B + 0.00012710958506696133 * C + 0.0024741800350989145 * D + 0.002039774844577775 * E >= 0 AND	 (1.1095503519574228 + 0.005889104749370339 * A + 0.0013143855788362844 * B -0.003586386238406086 * C -0.0030812757442850868 * D + 0.0029445523746851696 * E >= 0 AND	 (1.1876637877503495 + 0.00554589472899304 * A + 0.010775464417944459 * B + 0.0010499188167276971 * C + 0.007610662654565756 * D + 0.0027729473644965198 * E >= 0 AND	 (1.08453246290123 + 0.0002704685230750464 * A + 0.009806662579796635 * B + 4.034113718016798e-05 * C -0.00010073131348807058 * D + 0.00013523426153752314 * E >= 0 AND	 (0.9995296837750591 + 0.17608058392618808 * A -0.2671466092504726 * B + 1.6463039748001478 * C -1.162165670004999 * D + 0.5768040225513755 * E >= 0 AND	 (1.193372667056086 -0.0004221261904241327 * A + 0.0038035244604338733 * B -0.00021753254795360002 * C + 0.008519056411132436 * D -0.00010843456533313182 * E >= 0 AND	 (1.0252263097667709 + 6.802847846387626e-05 * A -6.515337245474862e-05 * B + 1.0146637955012114e-05 * C + 0.004919832162960779 * D + 3.401423923193812e-05 * E >= 0 AND	 -1.0 - A + 2.0 * E >= 0)))))))))) 	OR -1.0 + A -2.0 * E >= 0) 
	 n_l3 : ((-0.5 + A >= 0 AND	 ())) 
	 n_l7 : ((0.9999846038999439 -1.4567136747261919e-05 * A + 1.141296999770253e-05 * B -0.0033767635081121557 * C -0.0033767007479969676 * D -1.1039515732787707e-07 * E >= 0 AND	 (0.9999943369447104 + 5.701211831904292e-06 * B -0.0033767426275929284 * C -3.340553807756444e-08 * E >= 0 AND	 (0.9999943442047012 -0.0033767426521081876 * A + 5.701211873295272e-06 * B -3.3405538320089456e-08 * E >= 0 AND	 (0.999994343871949 + 5.701211871398171e-06 * B -0.003376742650984563 * D -3.340553830897384e-08 * E >= 0 AND	 (-0.872029314342711 + 0.0015748533953057198 * A + 1.9323393918483411 * B + 0.0015748533953057198 * C + 0.0015748533953057198 * D -0.06037904974317854 * E >= 0 AND	 (-0.5029296875 + B + 0.5 * E >= 0 AND	 -1.0 - B + 2.0 * E >= 0)))))) 	OR (0.8487380944041316 + 0.5177345148261413 * A + 0.15163202941021856 * B + 0.049201120013990934 * C + 4.3444272294523856e-05 * D -0.009739434139222305 * E >= 0 AND	 (-0.033333333918633905 -0.03239027537953039 * A + 1.033333333918634 * B + 0.1255456466647017 * C + 3.476359089482628e-09 * D -0.06666667661677839 * E >= 0 AND	 (0.07154771652968309 -0.926074682796994 * A + 0.9280208923929889 * B + 0.05478516805000677 * C + 0.0014269934202115753 * D -0.05609770436919126 * E >= 0 AND	 (0.5504957248439838 -0.4973338049801368 * A + 0.4494802142230666 * B + 0.0293928722816498 * C -0.007635582340809743 * D -0.06992991898137679 * E >= 0 AND	 (1.0640757520462671 -0.33177762979645986 * A + 0.14573890785484228 * B + 0.030904706888442726 * C + 0.013996456013974645 * D -0.02111699623302088 * E >= 0 AND	 (1.115006029718578 -0.1787784232908293 * A + 0.04207781520458034 * B + 0.021611444692367084 * C + 0.00982030582846986 * D -0.011673387892289023 * E >= 0 AND	 (-0.03333333391863384 + 0.03333333391863402 * A + 1.0333333339186341 * B -0.5666666766167784 * C + 0.696078421422437 * D -0.06666667661677839 * E >= 0 AND	 (-0.008630609896432644 + 0.00863060989643268 * A + 1.0086306098964326 * B -0.14672036823935558 * C -0.14672036823935558 * D + 0.3532796317606444 * E >= 0 AND	 -1.0 + B -2.0 * E >= 0))))))))) 
	 n_l6 : ((1.2049481937921296 + 0.009522111203259711 * A + 0.009522111203259711 * B + 0.0019987692466107614 * C + 0.004874950406901913 * D + 0.004819136976233583 * E >= 0 AND	 (0.7969321007090855 -0.24651860932623104 * A -0.24651860932623104 * B + 1.6593593554609976 * C -0.6712203420035665 * D + 0.9893467485337788 * E >= 0 AND	 (-1.0003196683764908 -0.4142847324638066 * A -0.4142847324638066 * B -0.9600403554079189 * C + 0.37372197132403817 * D + 1.6572995716400079 * E >= 0 AND	 (0.199687909913426 -0.6002113425586248 * A -0.6002113425586248 * B + 0.6003590550995996 * C + 0.6003590550995996 * D + 1.6001090800302582 * E >= 0 AND	 A - B == 0))))) 
	 n_l8 : (-1.0 + B >= 0) 
	 n_l1 : (-1.0 + A >= 0 	OR (-4.828125 -0.09288801300894267 * A -0.06555605058565561 * C -0.05266304020642565 * D >= 0 AND	 (5.515625 + 0.06393546963990193 * A -0.29827094537995436 * C -0.31595051701901866 * D >= 0 AND	 (170.5 -0.34720808955908744 * A + 0.2735377386691198 * C -0.183311304774179 * D >= 0 AND	 (573.703125 -0.7686251072682149 * A + 1.1136079738798799 * C -0.4229317271401669 * D >= 0 AND	 (69.53870176624078 -0.9776822984172997 * A -1.0415555748652991 * C -1.2339237014352307 * D >= 0 AND	 (-546.7903974311778 -0.14511975159072077 * A -0.542464261226371 * C + 0.9312356394675589 * D >= 0 AND	 (-1.309495490373089 + 0.3093751347747311 * A -0.38728624540782164 * C -0.3864374892952753 * D >= 0 AND	 (-0.5162905295607572 + 1.5164439253139372 * A + 0.5660549568707278 * C + 0.5660549568707278 * D >= 0 AND	 (8.881784197001252e-16 * A >= 0 AND	 (1.4383561643835603 -0.4383561643835616 * A + 0.13013698630136972 * C + 0.13013698630136972 * D >= 0 AND	 -1.0 + A >= 0))))))))))) 

}
some nodes (['n_l1', 'n_l7', 'n_l7', 'n_l7', 'n_l7', 'n_l7', 'n_l5']) where ignored after 10 iterations. 
Look at log.. there were WARNINGS

