{'n_l1': (), 'n_l3': (), 'n_l2': (), 'n_l12': (), 'n_l5': (), 'n_l4': (), 'n_l6': (), 'n_l0': ()}
exit conditions: 
 {'n_l1': {'t11': ()}, 'n_l3': {'t2': ()}, 'n_l2': {'t15': -1 + C >= 0, 't14': C == 0, 't16': -1 - C >= 0}, 'n_l12': {'t13': - A + B >= 0}, 'n_l5': {'t4': ()}, 'n_l4': {'t3': ()}, 'n_l6': {'t8': -3 + A >= 0, 't7': 2 - A >= 0}, 'n_l0': {'t0': -1 + A - B >= 0, 't1': - A + B >= 0}} 
 ===========================
TOO MANY TRIES with node:  n_l2
TOO MANY TRIES with node:  n_l2
TOO MANY TRIES with node:  n_l2
TOO MANY TRIES with node:  n_l2
TOO MANY TRIES with node:  n_l2

phi props: {
	 n_l1 : (()) 
	 n_l3 : (()) 
	 n_l2 : ((1.0008585526615201 -0.00025160256034073656 * A -0.0002513076243782434 * B -0.0006807441182499909 * C >= 0 AND	 (1.0002318866566684 -0.0002721260781265082 * A -0.00027202516041841565 * B -0.0002319162044557692 * C >= 0 AND	 (1.0000620183646634 -0.00015892172126872117 * A -0.00015889454698443515 * B -6.200788675449334e-05 * C >= 0 AND	 (1.0000155655244918 -8.243714376831844e-05 * A -8.243022665823746e-05 * B -1.560753735735773e-05 * C >= 0 AND	 (1.0000038017786794 -4.159144050805222e-05 * A -4.1589695507704575e-05 * B -3.8059233340977874e-06 * C >= 0 AND	 (1.0000009236803025 -2.0840134206693014e-05 * A -2.083969948377872e-05 * B -9.173659368394215e-07 * C >= 0 AND	 (1.0000002277403723 -1.0424945443155997e-05 * A -1.0424836739747699e-05 * B -2.2384828398075685e-07 * C >= 0 AND	 (0.9997943619717424 -5.212195249151174e-06 * A -5.212168076231959e-06 * B -3.1443141821110564e-08 * C >= 0 AND	 (0.9999999736263369 -2.6066775530300897e-06 * A -2.6066707581711303e-06 * B -9.289697475472044e-13 * C >= 0 AND	 (0.999136899950019 -1.999568266370663 * A + 1.9995708729757522 * B + 0.0004321080668776081 * C >= 0 AND	 -1.0 + C >= 0)))))))))) 	OR C == 0 	OR (1.0011683971439542 -3.1854474728423123e-06 * A -3.170426169590684e-06 * B + 0.0001732697524682437 * C >= 0 AND	 (1.0000554909951653 -0.00010358760495941321 * A -0.00010357343414405154 * B + 8.297380224988875e-05 * C >= 0 AND	 (1.0000000735711017 -6.840421022089164e-05 * A -6.839953140406892e-05 * B + 4.21093514044693e-08 * C >= 0 AND	 (0.9996814961754277 -1.9993921632934324 * A + 1.9994604893028392 * B -8.540751175889483e-05 * C >= 0 AND	 -1.0 - C >= 0))))) 
	 n_l0 : (-1.0 + A - B >= 0 	OR - A + B >= 0) 
	 n_l12 : (- A + B >= 0) 
	 n_l5 : (()) 
	 n_l6 : (-3.0 + A >= 0 	OR 2.0 - A >= 0) 
	 n_l4 : (()) 

}
some nodes (['n_l2', 'n_l2', 'n_l2', 'n_l2', 'n_l2']) where ignored after 10 iterations. 

